

> secure@0.1.0 build /Users/amarmuric/VSCode/money/apps/secure
> next build

[33m[1m⚠[22m[39m Warning: Next.js inferred your workspace root, but it may not be correct.
 We detected multiple lockfiles and selected the directory of /Users/amarmuric/VSCode/money/pnpm-lock.yaml as the root directory.
 To silence this warning, set `turbopack.root` in your Next.js config, or consider removing one of the lockfiles if it's not needed.
   See https://nextjs.org/docs/app/api-reference/config/next-config-js/turbopack#root-directory for more information.
 Detected additional lockfiles: 
   * /Users/amarmuric/VSCode/money/apps/secure/pnpm-lock.yaml

[1m[38;2;173;127;168m▲ Next.js 16.1.3[39m[22m (Turbopack)
- Environments: .env

[33m[1m⚠[22m[39m The "middleware" file convention is deprecated. Please use "proxy" instead. Learn more: https://nextjs.org/docs/messages/middleware-to-proxy
[37m[1m [22m[39m Creating an optimized production build ...
[32m[1m✓[22m[39m Compiled successfully in 6.0s
[?25l[37m[1m [22m[39m Running TypeScript  [36m.[39m[2K[1G[1A[2K[1G[37m[1m [22m[39m Running TypeScript  [36m..[39m[2K[1G[1A[2K[1G[37m[1m [22m[39m Running TypeScript  [36m...[39m[2K[1G[1A[2K[1G[37m[1m [22m[39m Running TypeScript  [36m.[39m[2K[1G[1A[2K[1G[37m[1m [22m[39m Running TypeScript  [36m..[39m[2K[1G[1A[2K[1G[37m[1m [22m[39m Running TypeScript  [36m...[39m[2K[1G[1A[2K[1G[37m[1m [22m[39m Running TypeScript  [36m.[39m[2K[1G[1A[2K[1G[37m[1m [22m[39m Running TypeScript  [36m..[39m[2K[1G[1A[2K[1G[37m[1m [22m[39m Running TypeScript  [36m...[39m[2K[1G[1A[2K[1G[37m[1m [22m[39m Running TypeScript  [36m.[39m[2K[1G[1A[2K[1G[37m[1m [22m[39m Running TypeScript  [36m..[39m[2K[1G[1A[2K[1G[37m[1m [22m[39m Running TypeScript  [36m...[39m[2K[1G[1A[2K[1G[37m[1m [22m[39m Running TypeScript  [36m.[39m[2K[1G[1A[2K[1G[37m[1m [22m[39m Running TypeScript  [36m..[39m[2K[1G[1A[2K[1G[37m[1m [22m[39m Running TypeScript  [36m...[39m[2K[1G[1A[2K[1G[37m[1m [22m[39m Running TypeScript  [36m.[39m[2K[1G[1A[2K[1G[37m[1m [22m[39m Running TypeScript  [36m..[39m[2K[1G[1A[2K[1G[37m[1m [22m[39m Running TypeScript  [36m...[39m[2K[1G[1A[2K[1G[37m[1m [22m[39m Running TypeScript  [36m.[39m[2K[1G[1A[2K[1G[?25h[?25l[37m[1m [22m[39m Finished TypeScript in 3.7s  [36m.[39m[2K[1G[1A[2K[1G[?25h[37m[1m [22m[39m Finished TypeScript in 3.7s    [32m[1m✓[22m[39m Finished TypeScript in 3.7s 
[?25l[37m[1m [22m[39m Collecting page data using 9 workers  [36m.[39m[2K[1G[1A[2K[1G[37m[1m [22m[39m Collecting page data using 9 workers  [36m..[39m[2K[1G[1A[2K[1G[37m[1m [22m[39m Collecting page data using 9 workers  [36m...[39m[2K[1G[1A[2K[1G[?25h[37m[1m [22m[39m Collecting page data using 9 workers in 538.4ms    [32m[1m✓[22m[39m Collecting page data using 9 workers in 538.4ms 
[?25l[37m[1m [22m[39m Generating static pages using 9 workers (0/35)  [36m[    ][39m[2K[1G[1A[2K[1G[37m[1m [22m[39m Generating static pages using 9 workers (17/35)  [36m[=   ][39m[2K[1G[1A[2K[1G[?25h[32m[1m✓[22m[39m Generating static pages using 9 workers (35/35) in 272.9ms
[?25l[37m[1m [22m[39m Finalizing page optimization  [36m.[39m[2K[1G[1A[2K[1G[?25h[37m[1m [22m[39m Finalizing page optimization in 8.4ms    [32m[1m✓[22m[39m Finalizing page optimization in 8.4ms 

[4mRoute (app)[24m
┌ ○ /
├ ○ /_not-found
├ ƒ /api/auth/[...nextauth]
├ ƒ /api/auth/login
├ ƒ /api/auth/logout
├ ƒ /api/auth/mfa/verify
├ ƒ /api/auth/refresh
├ ƒ /api/auth/register
├ ƒ /api/auth/salt
├ ƒ /api/auth/verify-email/confirm
├ ƒ /api/auth/verify-email/send
├ ƒ /api/dev/delete-all-passwords
├ ƒ /api/dev/delete-all-users
├ ƒ /api/user/audit-log
├ ƒ /api/user/mfa/setup
├ ƒ /api/user/password
├ ƒ /api/user/profile
├ ƒ /api/user/sessions
├ ƒ /api/user/sessions/[id]
├ ƒ /api/vault
├ ƒ /api/vault/categories
├ ƒ /api/vault/categories/[id]
├ ƒ /api/vault/passwords
├ ƒ /api/vault/passwords/[id]
├ ƒ /api/vault/passwords/[id]/restore
├ ○ /login
├ ○ /register
├ ○ /vault
├ ƒ /vault/[id]
├ ƒ /vault/[id]/edit
├ ○ /vault/analytics
├ ○ /vault/categories
├ ○ /vault/favorites
├ ○ /vault/new
├ ○ /vault/security
├ ○ /vault/settings
├ ○ /vault/settings/account
├ ○ /vault/settings/profile
├ ○ /vault/settings/security
└ ○ /vault/trash


ƒ Proxy (Middleware)

○  (Static)   prerendered as static content
ƒ  (Dynamic)  server-rendered on demand

[?25h
